[debug] [2024-10-16T16:33:42.492Z] ----------------------------------------------------------------------
[debug] [2024-10-16T16:33:42.495Z] Command:       C:\Program Files\nodejs\node.exe C:\Users\pssm\AppData\Roaming\npm\node_modules\firebase-tools\lib\bin\firebase.js init
[debug] [2024-10-16T16:33:42.495Z] CLI Version:   13.22.0
[debug] [2024-10-16T16:33:42.496Z] Platform:      win32
[debug] [2024-10-16T16:33:42.496Z] Node Version:  v20.17.0
[debug] [2024-10-16T16:33:42.496Z] Time:          Wed Oct 16 2024 22:03:42 GMT+0530 (India Standard Time)
[debug] [2024-10-16T16:33:42.496Z] ----------------------------------------------------------------------
[debug] 
[debug] [2024-10-16T16:33:42.503Z] > command requires scopes: ["email","openid","https://www.googleapis.com/auth/cloudplatformprojects.readonly","https://www.googleapis.com/auth/firebase","https://www.googleapis.com/auth/cloud-platform"]
[debug] [2024-10-16T16:33:42.504Z] > authorizing via signed-in user (221it056@kongunaducollege.ac.in)
[info] 
     ######## #### ########  ######## ########     ###     ######  ########
     ##        ##  ##     ## ##       ##     ##  ##   ##  ##       ##
     ######    ##  ########  ######   ########  #########  ######  ######
     ##        ##  ##    ##  ##       ##     ## ##     ##       ## ##
     ##       #### ##     ## ######## ########  ##     ##  ######  ########

You're about to initialize a Firebase project in this directory:

  Z:\HOSTEL PROJECT EDITED (5)\HOSTEL PROJECT EDITED\HOSTEL PROJECT EDITED\HOSTEL PROJECT

[info] 
=== Project Setup
[info] 
[info] First, let's associate this project directory with a Firebase project.
[info] You can create multiple project aliases by running firebase use --add, 
[info] but for now we'll just set up a default project.
[info] 
[debug] [2024-10-16T16:37:08.814Z] Checked if tokens are valid: true, expires at: 1729099730388
[debug] [2024-10-16T16:37:08.815Z] Checked if tokens are valid: true, expires at: 1729099730388
[debug] [2024-10-16T16:37:08.819Z] >>> [apiv2][query] GET https://firebase.googleapis.com/v1beta1/projects pageSize=100
[debug] [2024-10-16T16:37:10.386Z] <<< [apiv2][status] GET https://firebase.googleapis.com/v1beta1/projects 200
[debug] [2024-10-16T16:37:10.387Z] <<< [apiv2][body] GET https://firebase.googleapis.com/v1beta1/projects [omitted]
[info] i  Using project kaschostel44 (kaschostel44) 
[info] 
=== Hosting Setup
[debug] [2024-10-16T16:37:54.180Z] Checked if tokens are valid: true, expires at: 1729099730388
[debug] [2024-10-16T16:37:54.180Z] Checked if tokens are valid: true, expires at: 1729099730388
[debug] [2024-10-16T16:37:54.180Z] >>> [apiv2][query] GET https://firebase.googleapis.com/v1beta1/projects/kaschostel44 [none]
[debug] [2024-10-16T16:37:55.099Z] <<< [apiv2][status] GET https://firebase.googleapis.com/v1beta1/projects/kaschostel44 200
[debug] [2024-10-16T16:37:55.100Z] <<< [apiv2][body] GET https://firebase.googleapis.com/v1beta1/projects/kaschostel44 {"projectId":"kaschostel44","projectNumber":"526258003356","displayName":"kaschostel44","name":"projects/kaschostel44","resources":{"hostingSite":"kaschostel44"},"state":"ACTIVE","etag":"1_5905f469-5b34-4574-9fef-b74ed991dc8a"}
[info] 
[info] Your public directory is the folder (relative to your project directory) that
[info] will contain Hosting assets to be uploaded with firebase deploy. If you
[info] have a build process for your assets, use your build's output directory.
[info] 
